<?xml version="1.0" encoding="UTF-8"?>
<!-- Generated by org.testng.reporters.JUnitXMLReporter -->
<testsuite ignored="0" hostname="CSAINT" failures="0" tests="6" name="Default test" time="30.228" errors="0" timestamp="2022-12-05T23:33:35 EST">
  <testcase classname="com.paraBanking.TestLayer.TC_002_LOGIN" name="EmptyUsername" time="3.654"/>
  <testcase classname="com.paraBanking.TestLayer.TC_002_LOGIN" name="Login" time="4.303"/>
  <testcase classname="com.paraBanking.TestLayer.TC_002_LOGIN" name="Login" time="3.801"/>
  <testcase classname="com.paraBanking.TestLayer.TC_002_LOGIN" name="Login" time="3.877"/>
  <testcase classname="com.paraBanking.TestLayer.TC_002_LOGIN" name="Login" time="3.885"/>
  <testcase classname="com.paraBanking.TestLayer.TC_002_LOGIN" name="Login" time="3.967"/>
</testsuite> <!-- Default test -->
