<?xml version="1.0" encoding="UTF-8"?>
<testng-results ignored="0" total="6" passed="6" failed="0" skipped="0">
  <reporter-output>
  </reporter-output>
  <suite started-at="2022-12-05T23:33:05 EST" name="Default suite" finished-at="2022-12-05T23:33:35 EST" duration-ms="30228">
    <groups>
    </groups>
    <test started-at="2022-12-05T23:33:05 EST" name="Default test" finished-at="2022-12-05T23:33:35 EST" duration-ms="30228">
      <class name="com.paraBanking.TestLayer.TC_002_LOGIN">
        <test-method is-config="true" signature="initSetup()[pri:0, instance:com.paraBanking.TestLayer.TC_002_LOGIN@1573f9fc]" started-at="2022-12-05T23:33:05 EST" name="initSetup" finished-at="2022-12-05T23:33:10 EST" duration-ms="4991" status="PASS">
          <reporter-output>
          </reporter-output>
        </test-method> <!-- initSetup -->
        <test-method signature="EmptyUsername()[pri:0, instance:com.paraBanking.TestLayer.TC_002_LOGIN@1573f9fc]" started-at="2022-12-05T23:33:10 EST" name="EmptyUsername" finished-at="2022-12-05T23:33:14 EST" duration-ms="3654" status="PASS">
          <reporter-output>
          </reporter-output>
        </test-method> <!-- EmptyUsername -->
        <test-method signature="Login(java.lang.String,java.lang.String)[pri:1, instance:com.paraBanking.TestLayer.TC_002_LOGIN@1573f9fc]" started-at="2022-12-05T23:33:14 EST" name="Login" data-provider="Details" finished-at="2022-12-05T23:33:19 EST" duration-ms="4303" status="PASS">
          <params>
            <param index="0">
              <value>
                <![CDATA[c]]>
              </value>
            </param>
            <param index="1">
              <value>
                <![CDATA[admin123]]>
              </value>
            </param>
          </params>
          <reporter-output>
          </reporter-output>
        </test-method> <!-- Login -->
        <test-method signature="Login(java.lang.String,java.lang.String)[pri:1, instance:com.paraBanking.TestLayer.TC_002_LOGIN@1573f9fc]" started-at="2022-12-05T23:33:19 EST" name="Login" data-provider="Details" finished-at="2022-12-05T23:33:22 EST" duration-ms="3801" status="PASS">
          <params>
            <param index="0">
              <value>
                <![CDATA[Admin]]>
              </value>
            </param>
            <param index="1">
              <value>
                <![CDATA[#sd]]>
              </value>
            </param>
          </params>
          <reporter-output>
          </reporter-output>
        </test-method> <!-- Login -->
        <test-method signature="Login(java.lang.String,java.lang.String)[pri:1, instance:com.paraBanking.TestLayer.TC_002_LOGIN@1573f9fc]" started-at="2022-12-05T23:33:22 EST" name="Login" data-provider="Details" finished-at="2022-12-05T23:33:26 EST" duration-ms="3877" status="PASS">
          <params>
            <param index="0">
              <value>
                <![CDATA[#&b]]>
              </value>
            </param>
            <param index="1">
              <value>
                <![CDATA[123.0]]>
              </value>
            </param>
          </params>
          <reporter-output>
          </reporter-output>
        </test-method> <!-- Login -->
        <test-method signature="Login(java.lang.String,java.lang.String)[pri:1, instance:com.paraBanking.TestLayer.TC_002_LOGIN@1573f9fc]" started-at="2022-12-05T23:33:26 EST" name="Login" data-provider="Details" finished-at="2022-12-05T23:33:30 EST" duration-ms="3885" status="PASS">
          <params>
            <param index="0">
              <value>
                <![CDATA[Sai000786]]>
              </value>
            </param>
            <param index="1">
              <value>
                <![CDATA[Test]]>
              </value>
            </param>
          </params>
          <reporter-output>
          </reporter-output>
        </test-method> <!-- Login -->
        <test-method signature="Login(java.lang.String,java.lang.String)[pri:1, instance:com.paraBanking.TestLayer.TC_002_LOGIN@1573f9fc]" started-at="2022-12-05T23:33:30 EST" name="Login" data-provider="Details" finished-at="2022-12-05T23:33:34 EST" duration-ms="3967" status="PASS">
          <params>
            <param index="0">
              <value>
                <![CDATA[ram420]]>
              </value>
            </param>
            <param index="1">
              <value>
                <![CDATA[demo]]>
              </value>
            </param>
          </params>
          <reporter-output>
          </reporter-output>
        </test-method> <!-- Login -->
        <test-method is-config="true" signature="Close()[pri:0, instance:com.paraBanking.TestLayer.TC_002_LOGIN@1573f9fc]" started-at="2022-12-05T23:33:34 EST" name="Close" finished-at="2022-12-05T23:33:35 EST" duration-ms="1114" status="PASS">
          <reporter-output>
          </reporter-output>
        </test-method> <!-- Close -->
      </class> <!-- com.paraBanking.TestLayer.TC_002_LOGIN -->
    </test> <!-- Default test -->
  </suite> <!-- Default suite -->
</testng-results>
